<?xml version="1.0" encoding="UTF-8"?>
<!-- Generated by org.testng.reporters.JUnitReportReporter -->
<testsuite skipped="0" hostname="DLLA28P3273" name="Tatoc_TestNG_Package.Tatoc_TestNG_File2" tests="5" failures="0" timestamp="2020-02-03T17:47:20 IST" time="27.981" errors="0">
  <testcase name="dragAround" time="0.500" classname="Tatoc_TestNG_Package.Tatoc_TestNG_File2"/>
  <testcase name="cookieHandling" time="0.272" classname="Tatoc_TestNG_Package.Tatoc_TestNG_File2"/>
  <testcase name="gridGate" time="0.979" classname="Tatoc_TestNG_Package.Tatoc_TestNG_File2"/>
  <testcase name="frameDungeon" time="24.628" classname="Tatoc_TestNG_Package.Tatoc_TestNG_File2"/>
  <testcase name="popupWindows" time="1.602" classname="Tatoc_TestNG_Package.Tatoc_TestNG_File2"/>
</testsuite> <!-- Tatoc_TestNG_Package.Tatoc_TestNG_File2 -->
