<?xml version="1.0" encoding="UTF-8"?>
<!-- Generated by org.testng.reporters.JUnitReportReporter -->
<testsuite skipped="0" hostname="DLLA28P3273" name="Tatoc_TestNG_Package.Tatoc_TestNG_File" tests="5" failures="0" timestamp="2020-02-03T17:42:20 IST" time="8.060" errors="0">
  <testcase name="gridGate" time="0.606" classname="Tatoc_TestNG_Package.Tatoc_TestNG_File"/>
  <testcase name="frameDungeon" time="4.961" classname="Tatoc_TestNG_Package.Tatoc_TestNG_File"/>
  <testcase name="dragAround" time="0.524" classname="Tatoc_TestNG_Package.Tatoc_TestNG_File"/>
  <testcase name="popupWindows" time="1.633" classname="Tatoc_TestNG_Package.Tatoc_TestNG_File"/>
  <testcase name="cookieHandling" time="0.336" classname="Tatoc_TestNG_Package.Tatoc_TestNG_File"/>
</testsuite> <!-- Tatoc_TestNG_Package.Tatoc_TestNG_File -->
