<?xml version="1.0" encoding="UTF-8"?>
<!-- Generated by org.testng.reporters.JUnitReportReporter -->
<testsuite skipped="0" hostname="DLLA28P3273" name="tatoc_Advanced_TestNG.Driver" tests="1" failures="0" timestamp="2020-02-03T18:34:30 IST" time="1.634" errors="0">
  <testcase name="launchTatocAdvancedCourse" time="1.634" classname="tatoc_Advanced_TestNG.Driver"/>
</testsuite> <!-- tatoc_Advanced_TestNG.Driver -->
